<?xml version="1.0" encoding="UTF-8"?>
<testng-results ignored="0" total="1" passed="1" failed="0" skipped="0">
  <reporter-output>
  </reporter-output>
  <suite started-at="2023-08-23T11:17:57 CDT" name="Default suite" finished-at="2023-08-23T11:18:06 CDT" duration-ms="9194">
    <groups>
    </groups>
    <test started-at="2023-08-23T11:17:57 CDT" name="Default test" finished-at="2023-08-23T11:18:06 CDT" duration-ms="9194">
      <class name="test.SeleniumTest">
        <test-method signature="test()[pri:0, instance:test.SeleniumTest@45099dd3]" started-at="2023-08-23T11:17:57 CDT" name="test" finished-at="2023-08-23T11:18:06 CDT" duration-ms="9144" status="PASS">
          <reporter-output>
          </reporter-output>
        </test-method> <!-- test -->
      </class> <!-- test.SeleniumTest -->
    </test> <!-- Default test -->
  </suite> <!-- Default suite -->
</testng-results>
